{"name":"Log","hostname":"wpbubble","pid":11103,"level":30,"msg":"Creating table: posts ","time":"2018-12-29T21:19:44.311Z","v":0}
{"name":"Log","hostname":"wpbubble","pid":11103,"level":30,"msg":"Creating table: users ","time":"2018-12-29T21:19:44.374Z","v":0}
{"name":"Log","hostname":"wpbubble","pid":11103,"level":30,"msg":"Creating table: posts_authors ","time":"2018-12-29T21:19:44.445Z","v":0}
{"name":"Log","hostname":"wpbubble","pid":11103,"level":30,"msg":"Creating table: roles ","time":"2018-12-29T21:19:44.471Z","v":0}
{"name":"Log","hostname":"wpbubble","pid":11103,"level":30,"msg":"Creating table: roles_users ","time":"2018-12-29T21:19:44.525Z","v":0}
{"name":"Log","hostname":"wpbubble","pid":11103,"level":30,"msg":"Creating table: permissions ","time":"2018-12-29T21:19:44.552Z","v":0}
{"name":"Log","hostname":"wpbubble","pid":11103,"level":30,"msg":"Creating table: permissions_users ","time":"2018-12-29T21:19:44.604Z","v":0}
{"name":"Log","hostname":"wpbubble","pid":11103,"level":30,"msg":"Creating table: permissions_roles ","time":"2018-12-29T21:19:44.630Z","v":0}
{"name":"Log","hostname":"wpbubble","pid":11103,"level":30,"msg":"Creating table: permissions_apps ","time":"2018-12-29T21:19:44.665Z","v":0}
{"name":"Log","hostname":"wpbubble","pid":11103,"level":30,"msg":"Creating table: settings ","time":"2018-12-29T21:19:44.697Z","v":0}
{"name":"Log","hostname":"wpbubble","pid":11103,"level":30,"msg":"Creating table: tags ","time":"2018-12-29T21:19:44.743Z","v":0}
{"name":"Log","hostname":"wpbubble","pid":11103,"level":30,"msg":"Creating table: posts_tags ","time":"2018-12-29T21:19:44.788Z","v":0}
{"name":"Log","hostname":"wpbubble","pid":11103,"level":30,"msg":"Creating table: apps ","time":"2018-12-29T21:19:44.815Z","v":0}
{"name":"Log","hostname":"wpbubble","pid":11103,"level":30,"msg":"Creating table: app_settings ","time":"2018-12-29T21:19:44.893Z","v":0}
{"name":"Log","hostname":"wpbubble","pid":11103,"level":30,"msg":"Creating table: app_fields ","time":"2018-12-29T21:19:44.943Z","v":0}
{"name":"Log","hostname":"wpbubble","pid":11103,"level":30,"msg":"Creating table: clients ","time":"2018-12-29T21:19:44.970Z","v":0}
{"name":"Log","hostname":"wpbubble","pid":11103,"level":30,"msg":"Creating table: client_trusted_domains ","time":"2018-12-29T21:19:45.051Z","v":0}
{"name":"Log","hostname":"wpbubble","pid":11103,"level":30,"msg":"Creating table: accesstokens ","time":"2018-12-29T21:19:45.069Z","v":0}
{"name":"Log","hostname":"wpbubble","pid":11103,"level":30,"msg":"Creating table: refreshtokens ","time":"2018-12-29T21:19:45.114Z","v":0}
{"name":"Log","hostname":"wpbubble","pid":11103,"level":30,"msg":"Creating table: subscribers ","time":"2018-12-29T21:19:45.167Z","v":0}
{"name":"Log","hostname":"wpbubble","pid":11103,"level":30,"msg":"Creating table: invites ","time":"2018-12-29T21:19:45.213Z","v":0}
{"name":"Log","hostname":"wpbubble","pid":11103,"level":30,"msg":"Creating table: brute ","time":"2018-12-29T21:19:45.292Z","v":0}
{"name":"Log","hostname":"wpbubble","pid":11103,"level":30,"msg":"Creating table: webhooks ","time":"2018-12-29T21:19:45.311Z","v":0}
{"name":"Log","hostname":"wpbubble","pid":11103,"level":30,"msg":"Creating table: sessions ","time":"2018-12-29T21:19:45.322Z","v":0}
{"name":"Log","hostname":"wpbubble","pid":11103,"level":30,"msg":"Creating table: integrations ","time":"2018-12-29T21:19:45.377Z","v":0}
{"name":"Log","hostname":"wpbubble","pid":11103,"level":30,"msg":"Creating table: api_keys ","time":"2018-12-29T21:19:45.431Z","v":0}
{"name":"Log","hostname":"wpbubble","pid":11103,"level":30,"msg":"Creating table: mobiledoc_revisions ","time":"2018-12-29T21:19:45.485Z","v":0}
{"name":"Log","hostname":"wpbubble","pid":11103,"level":30,"msg":"Creating table: members ","time":"2018-12-29T21:19:45.538Z","v":0}
{"name":"Log","hostname":"wpbubble","pid":11103,"level":30,"msg":"Model: Tag ","time":"2018-12-29T21:19:45.626Z","v":0}
{"name":"Log","hostname":"wpbubble","pid":11103,"level":30,"msg":"Model: Client ","time":"2018-12-29T21:19:45.673Z","v":0}
{"name":"Log","hostname":"wpbubble","pid":11103,"level":30,"msg":"Model: Role ","time":"2018-12-29T21:19:45.685Z","v":0}
{"name":"Log","hostname":"wpbubble","pid":11103,"level":30,"msg":"Model: Permission ","time":"2018-12-29T21:19:45.697Z","v":0}
{"name":"Log","hostname":"wpbubble","pid":11103,"level":30,"msg":"Model: User ","time":"2018-12-29T21:19:45.804Z","v":0}
{"name":"Log","hostname":"wpbubble","pid":11103,"level":30,"msg":"Model: Post ","time":"2018-12-29T21:19:46.067Z","v":0}
{"name":"Log","hostname":"wpbubble","pid":11103,"level":30,"msg":"Relation: Role to Permission ","time":"2018-12-29T21:19:46.209Z","v":0}
{"name":"Log","hostname":"wpbubble","pid":11103,"level":30,"msg":"Relation: Post to Tag ","time":"2018-12-29T21:19:46.340Z","v":0}
{"name":"Log","hostname":"wpbubble","pid":11103,"level":30,"msg":"Relation: User to Role ","time":"2018-12-29T21:19:46.358Z","v":0}
{"name":"Log","hostname":"wpbubble","pid":11103,"level":40,"msg":"Theme's file locales/en.json not found. ","time":"2018-12-29T21:19:47.852Z","v":0}
{"name":"Log","hostname":"wpbubble","pid":11103,"level":30,"msg":"Ghost is running in production... ","time":"2018-12-29T21:19:48.133Z","v":0}
{"name":"Log","hostname":"wpbubble","pid":11103,"level":30,"msg":"Your blog is now available on https://notetoservices.com/blog/ ","time":"2018-12-29T21:19:48.134Z","v":0}
{"name":"Log","hostname":"wpbubble","pid":11103,"level":30,"msg":"Ctrl+C to shut down ","time":"2018-12-29T21:19:48.135Z","v":0}
{"name":"Log","hostname":"wpbubble","pid":11103,"level":30,"msg":"Ghost boot 4.652s ","time":"2018-12-29T21:19:48.144Z","v":0}
{"name":"Log","hostname":"wpbubble","pid":11103,"level":30,"msg":"Bootstrap client was closed. ","time":"2018-12-29T21:19:48.144Z","v":0}
